[debug] [2020-03-25T15:39:01.599Z] ----------------------------------------------------------------------
[debug] [2020-03-25T15:39:01.601Z] Command:       /usr/local/bin/node /usr/local/bin/firebase init
[debug] [2020-03-25T15:39:01.601Z] CLI Version:   7.16.1
[debug] [2020-03-25T15:39:01.601Z] Platform:      linux
[debug] [2020-03-25T15:39:01.601Z] Node Version:  v13.11.0
[debug] [2020-03-25T15:39:01.601Z] Time:          Wed Mar 25 2020 21:09:01 GMT+0530 (India Standard Time)
[debug] [2020-03-25T15:39:01.601Z] ----------------------------------------------------------------------
[debug] [2020-03-25T15:39:01.601Z] 
[debug] [2020-03-25T15:39:01.605Z] > command requires scopes: ["email","openid","https://www.googleapis.com/auth/cloudplatformprojects.readonly","https://www.googleapis.com/auth/firebase","https://www.googleapis.com/auth/cloud-platform"]
[debug] [2020-03-25T15:39:01.605Z] > authorizing via signed-in user
[info] 
     ######## #### ########  ######## ########     ###     ######  ########
     ##        ##  ##     ## ##       ##     ##  ##   ##  ##       ##
     ######    ##  ########  ######   ########  #########  ######  ######
     ##        ##  ##    ##  ##       ##     ## ##     ##       ## ##
     ##       #### ##     ## ######## ########  ##     ##  ######  ########

You're about to initialize a Firebase project in this directory:

  /home/hadi/danyal/project/src/components

[info] 
=== Project Setup
[info] 
[info] First, let's associate this project directory with a Firebase project.
[info] You can create multiple project aliases by running firebase use --add, 
[info] but for now we'll just set up a default project.
[info] 
[info] i  If you want to create a project in a Google Cloud organization or folder, please use "firebase projects:create" instead, and return to this command when you've created the project.
[debug] [2020-03-25T15:41:05.806Z] > refreshing access token with scopes: ["email","https://www.googleapis.com/auth/cloud-platform","https://www.googleapis.com/auth/cloudplatformprojects.readonly","https://www.googleapis.com/auth/firebase","openid"]
[debug] [2020-03-25T15:41:05.807Z] >>> HTTP REQUEST POST https://www.googleapis.com/oauth2/v3/token  
 <request body omitted>
[debug] [2020-03-25T15:41:06.190Z] <<< HTTP RESPONSE 200
[debug] [2020-03-25T15:41:06.203Z] >>> HTTP REQUEST POST https://cloudresourcemanager.googleapis.com/v1/projects  

[debug] [2020-03-25T15:41:08.132Z] <<< HTTP RESPONSE 400
[debug] [2020-03-25T15:41:08.132Z] <<< HTTP RESPONSE BODY
[debug] [2020-03-25T15:41:08.135Z] HTTP Error: 400, field [display_name] has issue [project display name must be at least 4 characters]
[debug] [2020-03-25T15:41:08.430Z] FirebaseError: HTTP Error: 400, field [display_name] has issue [project display name must be at least 4 characters]
    at module.exports (/usr/local/lib/node_modules/firebase-tools/lib/responseToError.js:38:12)
    at Request._callback (/usr/local/lib/node_modules/firebase-tools/lib/api.js:40:35)
    at Request.self.callback (/usr/local/lib/node_modules/firebase-tools/node_modules/request/request.js:185:22)
    at Request.emit (events.js:315:20)
    at Request.EventEmitter.emit (domain.js:485:12)
    at Request.<anonymous> (/usr/local/lib/node_modules/firebase-tools/node_modules/request/request.js:1154:10)
    at Request.emit (events.js:315:20)
    at Request.EventEmitter.emit (domain.js:485:12)
    at IncomingMessage.<anonymous> (/usr/local/lib/node_modules/firebase-tools/node_modules/request/request.js:1076:12)
    at Object.onceWrapper (events.js:421:28)
    at IncomingMessage.emit (events.js:327:22)
    at IncomingMessage.EventEmitter.emit (domain.js:485:12)
    at endReadableNT (_stream_readable.js:1201:12)
    at processTicksAndRejections (internal/process/task_queues.js:84:21)
[error] 
[error] Error: Failed to create Google Cloud project. See firebase-debug.log for more info.
[debug] [2020-03-25T15:41:14.542Z] ----------------------------------------------------------------------
[debug] [2020-03-25T15:41:14.543Z] Command:       /usr/local/bin/node /usr/local/bin/firebase init
[debug] [2020-03-25T15:41:14.544Z] CLI Version:   7.16.1
[debug] [2020-03-25T15:41:14.544Z] Platform:      linux
[debug] [2020-03-25T15:41:14.544Z] Node Version:  v13.11.0
[debug] [2020-03-25T15:41:14.544Z] Time:          Wed Mar 25 2020 21:11:14 GMT+0530 (India Standard Time)
[debug] [2020-03-25T15:41:14.544Z] ----------------------------------------------------------------------
[debug] [2020-03-25T15:41:14.544Z] 
[debug] [2020-03-25T15:41:14.547Z] > command requires scopes: ["email","openid","https://www.googleapis.com/auth/cloudplatformprojects.readonly","https://www.googleapis.com/auth/firebase","https://www.googleapis.com/auth/cloud-platform"]
[debug] [2020-03-25T15:41:14.548Z] > authorizing via signed-in user
[info] 
     ######## #### ########  ######## ########     ###     ######  ########
     ##        ##  ##     ## ##       ##     ##  ##   ##  ##       ##
     ######    ##  ########  ######   ########  #########  ######  ######
     ##        ##  ##    ##  ##       ##     ## ##     ##       ## ##
     ##       #### ##     ## ######## ########  ##     ##  ######  ########

You're about to initialize a Firebase project in this directory:

  /home/hadi/danyal/project/src/components

[info] 
=== Project Setup
[info] 
[info] First, let's associate this project directory with a Firebase project.
[info] You can create multiple project aliases by running firebase use --add, 
[info] but for now we'll just set up a default project.
[info] 
[debug] [2020-03-25T15:41:31.805Z] >>> HTTP REQUEST GET https://firebase.googleapis.com/v1beta1/projects?pageSize=100  
 
[debug] [2020-03-25T15:41:32.507Z] <<< HTTP RESPONSE 200
[info] i  Using project book-bf31c (book)
[info] 
=== Database Setup
[info] 
[info] Firebase Realtime Database Rules allow you to define how your data should be
[info] structured and when your data can be read from and written to.
[info] 
[debug] [2020-03-25T15:41:44.872Z] >>> HTTP REQUEST GET https://book-bf31c.firebaseio.com/.settings/rules.json  
 
[debug] [2020-03-25T15:41:46.531Z] <<< HTTP RESPONSE 200
[debug] [2020-03-25T15:41:46.821Z] Error: EISDIR: illegal operation on a directory, open '/home/hadi/danyal/project/src/components'
    at Object.openSync (fs.js:462:3)
    at Object.writeFileSync (fs.js:1328:35)
    at Config.writeProjectFile (/usr/local/lib/node_modules/firebase-tools/lib/config.js:179:8)
    at /usr/local/lib/node_modules/firebase-tools/lib/init/features/database.js:25:23
    at processTicksAndRejections (internal/process/task_queues.js:97:5)
[error] 
[error] Error: An unexpected error has occurred.
